<?xml version="1.0" encoding="UTF-8"?>
<!-- Generated by org.testng.reporters.JUnitReportReporter -->
<testsuite hostname="DESKTOP-FKDVKBG" failures="0" tests="8" name="org.Udemy.HomeLoan" time="0.058" errors="0" timestamp="2024-03-25T16:02:46 IST" skipped="2">
  <testcase classname="org.Udemy.HomeLoan" name="HomeLogin" time="0.015"/>
  <testcase classname="org.Udemy.HomeLoan" name="HomeModelName" time="0.010"/>
  <testcase classname="org.Udemy.HomeLoan" name="HomeModelName" time="0.007"/>
  <testcase classname="org.Udemy.HomeLoan" name="CarSmokeLogin" time="0.003"/>
  <testcase classname="org.Udemy.HomeLoan" name="HomeModelName" time="0.018"/>
  <testcase classname="org.Udemy.HomeLoan" name="CarSmokeLogin" time="0.005"/>
  <testcase classname="org.Udemy.HomeLoan" name="HomeModelType">
    <skipped/>
  </testcase> <!-- HomeModelType -->
  <testcase classname="org.Udemy.HomeLoan" name="HomeModelType">
    <skipped/>
  </testcase> <!-- HomeModelType -->
</testsuite> <!-- org.Udemy.HomeLoan -->
