<?xml version="1.0" encoding="UTF-8"?>
<!-- Generated by org.testng.reporters.JUnitReportReporter -->
<testsuite hostname="DESKTOP-FKDVKBG" failures="0" tests="4" name="org.Udemy.BikeLoan" time="0.044" errors="0" timestamp="2024-03-25T16:02:46 IST" skipped="0">
  <testcase classname="org.Udemy.BikeLoan" name="BikeSmokeLogin" time="0.013"/>
  <testcase classname="org.Udemy.BikeLoan" name="BikeLogin" time="0.010"/>
  <testcase classname="org.Udemy.BikeLoan" name="BikeSmokeLogin" time="0.016"/>
  <testcase classname="org.Udemy.BikeLoan" name="BikeModelName" time="0.005"/>
</testsuite> <!-- org.Udemy.BikeLoan -->
