<?xml version="1.0" encoding="UTF-8"?>
<!-- Generated by org.testng.reporters.JUnitReportReporter -->
<testsuite hostname="DESKTOP-FKDVKBG" failures="0" tests="1" name="org.testng.AllAnnotations" time="0.018" errors="0" timestamp="2024-03-25T16:02:46 IST" skipped="0">
  <testcase classname="org.testng.AllAnnotations" name="DemoTest" time="0.018"/>
</testsuite> <!-- org.testng.AllAnnotations -->
