<?xml version="1.0" encoding="UTF-8"?>
<!-- Generated by org.testng.reporters.JUnitReportReporter -->
<testsuite hostname="DESKTOP-FKDVKBG" failures="0" tests="5" name="org.Udemy.CarLoan" time="0.032" errors="0" timestamp="2024-03-25T16:02:46 IST" skipped="0">
  <testcase classname="org.Udemy.CarLoan" name="CarSmokeLogin" time="0.004"/>
  <testcase classname="org.Udemy.CarLoan" name="CarLogin" time="0.011"/>
  <testcase classname="org.Udemy.CarLoan" name="CarSmokeLogin" time="0.007"/>
  <testcase classname="org.Udemy.CarLoan" name="CarModelYear" time="0.005"/>
  <testcase classname="org.Udemy.CarLoan" name="CarModelName" time="0.005"/>
</testsuite> <!-- org.Udemy.CarLoan -->
